#! /usr/bin/vvp
:ivl_version "10.2 (stable)";
:ivl_delay_selection "TYPICAL";
:vpi_time_precision + 0;
:vpi_module "system";
:vpi_module "vhdl_sys";
:vpi_module "v2005_math";
:vpi_module "va_math";
S_0x213c190 .scope module, "aes_gcm_ctrl" "aes_gcm_ctrl" 2 6;
 .timescale 0 0;
    .port_info 0 /INPUT 1 "clk"
    .port_info 1 /INPUT 1 "rst_n"
    .port_info 2 /INPUT 1 "start"
    .port_info 3 /INPUT 1 "enc_mode"
    .port_info 4 /INPUT 64 "len_aad_bits"
    .port_info 5 /INPUT 64 "len_pld_bits"
    .port_info 6 /INPUT 1 "iv_we"
    .port_info 7 /INPUT 1 "aad_valid"
    .port_info 8 /INPUT 1 "aad_ready"
    .port_info 9 /INPUT 1 "aad_last"
    .port_info 10 /INPUT 16 "aad_keep"
    .port_info 11 /INPUT 1 "din_valid"
    .port_info 12 /INPUT 1 "din_ready"
    .port_info 13 /INPUT 1 "din_last"
    .port_info 14 /INPUT 16 "din_keep"
    .port_info 15 /INPUT 1 "dout_valid"
    .port_info 16 /INPUT 1 "dout_ready"
    .port_info 17 /INPUT 1 "dout_last"
    .port_info 18 /INPUT 16 "dout_keep"
    .port_info 19 /INPUT 128 "tag_in"
    .port_info 20 /INPUT 1 "tag_in_we"
    .port_info 21 /INPUT 128 "tag_pre_xor"
    .port_info 22 /INPUT 1 "tag_pre_xor_valid"
    .port_info 23 /INPUT 128 "tagmask"
    .port_info 24 /INPUT 1 "tagmask_valid"
    .port_info 25 /INPUT 1 "aad_done"
    .port_info 26 /INPUT 1 "pld_done"
    .port_info 27 /INPUT 1 "lens_done"
    .port_info 28 /OUTPUT 1 "ctr_load_iv"
    .port_info 29 /OUTPUT 1 "ghash_init"
    .port_info 30 /OUTPUT 1 "tagmask_start"
    .port_info 31 /OUTPUT 3 "phase"
    .port_info 32 /OUTPUT 128 "tag_out"
    .port_info 33 /OUTPUT 1 "tag_out_valid"
    .port_info 34 /OUTPUT 1 "auth_fail"
P_0x213c640 .param/l "PH_ABSORB_AAD" 1 2 48, C4<001>;
P_0x213c680 .param/l "PH_DONE" 1 2 52, C4<101>;
P_0x213c6c0 .param/l "PH_IDLE" 1 2 47, C4<000>;
P_0x213c700 .param/l "PH_LENS" 1 2 50, C4<011>;
P_0x213c740 .param/l "PH_PROCESS_PLD" 1 2 49, C4<010>;
P_0x213c780 .param/l "PH_TAG" 1 2 51, C4<100>;
o0x7f4b33546128 .functor BUFZ 1, C4<z>; HiZ drive
L_0x216a9f0 .functor AND 1, o0x7f4b33546128, L_0x2147090, C4<1>, C4<1>;
o0x7f4b335459d8 .functor BUFZ 1, C4<z>; HiZ drive
L_0x216ac60 .functor AND 1, L_0x216ab10, o0x7f4b335459d8, C4<1>, C4<1>;
o0x7f4b335459a8 .functor BUFZ 1, C4<z>; HiZ drive
L_0x216ad20 .functor AND 1, L_0x216ac60, o0x7f4b335459a8, C4<1>, C4<1>;
L_0x217b520 .functor AND 1, v0x2168380_0, L_0x217b3e0, C4<1>, C4<1>;
o0x7f4b33545c18 .functor BUFZ 1, C4<z>; HiZ drive
L_0x217b5e0 .functor AND 1, L_0x217b520, o0x7f4b33545c18, C4<1>, C4<1>;
o0x7f4b33545be8 .functor BUFZ 1, C4<z>; HiZ drive
L_0x217b6a0 .functor AND 1, L_0x217b5e0, o0x7f4b33545be8, C4<1>, C4<1>;
L_0x217ba50 .functor AND 1, L_0x217b7d0, L_0x217b960, C4<1>, C4<1>;
o0x7f4b33545b58 .functor BUFZ 1, C4<z>; HiZ drive
L_0x217bb60 .functor AND 1, L_0x217ba50, o0x7f4b33545b58, C4<1>, C4<1>;
o0x7f4b33545b28 .functor BUFZ 1, C4<z>; HiZ drive
L_0x217bc70 .functor AND 1, L_0x217bb60, o0x7f4b33545b28, C4<1>, C4<1>;
L_0x217bd30 .functor OR 1, L_0x217b6a0, L_0x217bc70, C4<0>, C4<0>;
o0x7f4b33545888 .functor BUFZ 1, C4<z>; HiZ drive
L_0x217c230 .functor OR 1, o0x7f4b33545888, v0x2167280_0, C4<0>, C4<0>;
o0x7f4b335460c8 .functor BUFZ 1, C4<z>; HiZ drive
L_0x217c740 .functor OR 1, o0x7f4b335460c8, v0x2169710_0, C4<0>, C4<0>;
o0x7f4b33546398 .functor BUFZ 1, C4<z>; HiZ drive
L_0x217cb20 .functor AND 1, L_0x217ce80, o0x7f4b33546398, C4<1>, C4<1>;
o0x7f4b33546308 .functor BUFZ 1, C4<z>; HiZ drive
L_0x217d0b0 .functor AND 1, L_0x217cb20, o0x7f4b33546308, C4<1>, C4<1>;
L_0x217cc50 .functor AND 1, L_0x217d0b0, L_0x217d170, C4<1>, C4<1>;
L_0x217d310 .functor BUFZ 3, v0x2169550_0, C4<000>, C4<000>, C4<000>;
L_0x217d410 .functor BUFZ 1, L_0x216a9f0, C4<0>, C4<0>, C4<0>;
o0x7f4b33545d38 .functor BUFZ 1, C4<z>; HiZ drive
L_0x217cfb0 .functor AND 1, o0x7f4b33545d38, L_0x217d4d0, C4<1>, C4<1>;
o0x7f4b33545e58 .functor BUFZ 1, C4<z>; HiZ drive
L_0x217d7f0 .functor AND 1, L_0x217d750, o0x7f4b33545e58, C4<1>, C4<1>;
L_0x217d5a0 .functor AND 1, L_0x217d7f0, L_0x217d8b0, C4<1>, C4<1>;
v0x2164eb0_0 .net *"_s1", 0 0, L_0x2147090;  1 drivers
v0x2164f90_0 .net *"_s101", 0 0, L_0x217d4d0;  1 drivers
L_0x7f4b334fc378 .functor BUFT 1, C4<011>, C4<0>, C4<0>, C4<0>;
v0x2165050_0 .net/2u *"_s104", 2 0, L_0x7f4b334fc378;  1 drivers
v0x2165140_0 .net *"_s106", 0 0, L_0x217d750;  1 drivers
v0x2165200_0 .net *"_s108", 0 0, L_0x217d7f0;  1 drivers
v0x2165310_0 .net *"_s111", 0 0, L_0x217d8b0;  1 drivers
L_0x7f4b334fc060 .functor BUFT 1, C4<00000000000000000000000000000000000000000000000000000000000>, C4<0>, C4<0>, C4<0>;
v0x21653d0_0 .net/2u *"_s14", 58 0, L_0x7f4b334fc060;  1 drivers
v0x21654b0_0 .net *"_s16", 63 0, L_0x217afa0;  1 drivers
v0x2165590_0 .net *"_s20", 60 0, L_0x217b110;  1 drivers
L_0x7f4b334fc0a8 .functor BUFT 1, C4<000>, C4<0>, C4<0>, C4<0>;
v0x2165700_0 .net *"_s22", 2 0, L_0x7f4b334fc0a8;  1 drivers
L_0x7f4b334fc0f0 .functor BUFT 1, C4<010>, C4<0>, C4<0>, C4<0>;
v0x21657e0_0 .net/2u *"_s24", 2 0, L_0x7f4b334fc0f0;  1 drivers
v0x21658c0_0 .net *"_s26", 0 0, L_0x217b3e0;  1 drivers
v0x2165980_0 .net *"_s28", 0 0, L_0x217b520;  1 drivers
v0x2165a40_0 .net *"_s30", 0 0, L_0x217b5e0;  1 drivers
v0x2165b00_0 .net *"_s35", 0 0, L_0x217b7d0;  1 drivers
L_0x7f4b334fc138 .functor BUFT 1, C4<010>, C4<0>, C4<0>, C4<0>;
v0x2165bc0_0 .net/2u *"_s36", 2 0, L_0x7f4b334fc138;  1 drivers
v0x2165ca0_0 .net *"_s38", 0 0, L_0x217b960;  1 drivers
L_0x7f4b334fc018 .functor BUFT 1, C4<001>, C4<0>, C4<0>, C4<0>;
v0x2165e50_0 .net/2u *"_s4", 2 0, L_0x7f4b334fc018;  1 drivers
v0x2165ef0_0 .net *"_s40", 0 0, L_0x217ba50;  1 drivers
v0x2165f90_0 .net *"_s42", 0 0, L_0x217bb60;  1 drivers
L_0x7f4b334fc180 .functor BUFT 1, C4<00000000000000000000000000000000000000000000000000000000000>, C4<0>, C4<0>, C4<0>;
v0x2166050_0 .net/2u *"_s54", 58 0, L_0x7f4b334fc180;  1 drivers
v0x2166130_0 .net *"_s56", 63 0, L_0x217c2a0;  1 drivers
v0x2166210_0 .net *"_s6", 0 0, L_0x216ab10;  1 drivers
v0x21662d0_0 .net *"_s60", 60 0, L_0x217c370;  1 drivers
L_0x7f4b334fc1c8 .functor BUFT 1, C4<000>, C4<0>, C4<0>, C4<0>;
v0x21663b0_0 .net *"_s62", 2 0, L_0x7f4b334fc1c8;  1 drivers
L_0x7f4b334fc210 .functor BUFT 1, C4<0000000000000000000000000000000000000000000000000000000000000000>, C4<0>, C4<0>, C4<0>;
v0x2166490_0 .net/2u *"_s64", 63 0, L_0x7f4b334fc210;  1 drivers
v0x2166570_0 .net *"_s66", 0 0, L_0x217c620;  1 drivers
L_0x7f4b334fc258 .functor BUFT 1, C4<1>, C4<0>, C4<0>, C4<0>;
v0x2166630_0 .net/2u *"_s68", 0 0, L_0x7f4b334fc258;  1 drivers
v0x2166710_0 .net *"_s70", 0 0, L_0x217c230;  1 drivers
L_0x7f4b334fc2a0 .functor BUFT 1, C4<0000000000000000000000000000000000000000000000000000000000000000>, C4<0>, C4<0>, C4<0>;
v0x21667d0_0 .net/2u *"_s74", 63 0, L_0x7f4b334fc2a0;  1 drivers
v0x21668b0_0 .net *"_s76", 0 0, L_0x217ca30;  1 drivers
L_0x7f4b334fc2e8 .functor BUFT 1, C4<1>, C4<0>, C4<0>, C4<0>;
v0x2166970_0 .net/2u *"_s78", 0 0, L_0x7f4b334fc2e8;  1 drivers
v0x2166a50_0 .net *"_s8", 0 0, L_0x216ac60;  1 drivers
v0x2165d60_0 .net *"_s80", 0 0, L_0x217c740;  1 drivers
L_0x7f4b334fc330 .functor BUFT 1, C4<100>, C4<0>, C4<0>, C4<0>;
v0x2166d00_0 .net/2u *"_s84", 2 0, L_0x7f4b334fc330;  1 drivers
v0x2166dc0_0 .net *"_s86", 0 0, L_0x217ce80;  1 drivers
v0x2166e80_0 .net *"_s88", 0 0, L_0x217cb20;  1 drivers
v0x2166f40_0 .net *"_s90", 0 0, L_0x217d0b0;  1 drivers
v0x2167000_0 .net *"_s93", 0 0, L_0x217d170;  1 drivers
v0x21670c0_0 .var "aad_bits_remaining_reg", 63 0;
v0x21671a0_0 .net "aad_bits_this", 63 0, L_0x217b230;  1 drivers
v0x2167280_0 .var "aad_complete_reg", 0 0;
v0x2167340_0 .net "aad_done", 0 0, o0x7f4b33545888;  0 drivers
v0x2167400_0 .net "aad_handshake", 0 0, L_0x216ad20;  1 drivers
o0x7f4b335458e8 .functor BUFZ 16, C4<zzzzzzzzzzzzzzzz>; HiZ drive
v0x21674c0_0 .net "aad_keep", 15 0, o0x7f4b335458e8;  0 drivers
v0x21675a0_0 .net "aad_keep_cnt", 4 0, L_0x216ae10;  1 drivers
o0x7f4b33545948 .functor BUFZ 1, C4<z>; HiZ drive
v0x2167680_0 .net "aad_last", 0 0, o0x7f4b33545948;  0 drivers
v0x2167740_0 .net "aad_phase_done", 0 0, L_0x217c8c0;  1 drivers
v0x2167800_0 .net "aad_ready", 0 0, o0x7f4b335459a8;  0 drivers
v0x21678c0_0 .net "aad_valid", 0 0, o0x7f4b335459d8;  0 drivers
v0x2167980_0 .var "auth_fail", 0 0;
o0x7f4b33545a38 .functor BUFZ 1, C4<z>; HiZ drive
v0x2167a40_0 .net "clk", 0 0, o0x7f4b33545a38;  0 drivers
v0x2167b00_0 .net "ctr_load_iv", 0 0, L_0x217cfb0;  1 drivers
v0x2167bc0_0 .net "dec_payload_handshake", 0 0, L_0x217bc70;  1 drivers
o0x7f4b33545ac8 .functor BUFZ 16, C4<zzzzzzzzzzzzzzzz>; HiZ drive
v0x2167c80_0 .net "din_keep", 15 0, o0x7f4b33545ac8;  0 drivers
o0x7f4b33545af8 .functor BUFZ 1, C4<z>; HiZ drive
v0x2167d60_0 .net "din_last", 0 0, o0x7f4b33545af8;  0 drivers
v0x2167e20_0 .net "din_ready", 0 0, o0x7f4b33545b28;  0 drivers
v0x2167ee0_0 .net "din_valid", 0 0, o0x7f4b33545b58;  0 drivers
o0x7f4b33545b88 .functor BUFZ 16, C4<zzzzzzzzzzzzzzzz>; HiZ drive
v0x2167fa0_0 .net "dout_keep", 15 0, o0x7f4b33545b88;  0 drivers
o0x7f4b33545bb8 .functor BUFZ 1, C4<z>; HiZ drive
v0x2168080_0 .net "dout_last", 0 0, o0x7f4b33545bb8;  0 drivers
v0x2168140_0 .net "dout_ready", 0 0, o0x7f4b33545be8;  0 drivers
v0x2168200_0 .net "dout_valid", 0 0, o0x7f4b33545c18;  0 drivers
o0x7f4b33545c48 .functor BUFZ 1, C4<z>; HiZ drive
v0x21682c0_0 .net "enc_mode", 0 0, o0x7f4b33545c48;  0 drivers
v0x2168380_0 .var "enc_mode_reg", 0 0;
v0x2168440_0 .net "enc_payload_handshake", 0 0, L_0x217b6a0;  1 drivers
v0x2166af0_0 .var "final_tag_ready_reg", 0 0;
v0x2166bb0_0 .net "ghash_init", 0 0, L_0x217d410;  1 drivers
v0x21688f0_0 .net "iv_we", 0 0, o0x7f4b33545d38;  0 drivers
v0x2168990_0 .var "iv_we_d", 0 0;
o0x7f4b33545d98 .functor BUFZ 64, C4<zzzzzzzzzzzzzzzzzzzzzzzzzzzzzzzzzzzzzzzzzzzzzzzzzzzzzzzzzzzzzzzz>; HiZ drive
v0x2168a30_0 .net "len_aad_bits", 63 0, o0x7f4b33545d98;  0 drivers
v0x2168ad0_0 .var "len_aad_bits_reg", 63 0;
o0x7f4b33545df8 .functor BUFZ 64, C4<zzzzzzzzzzzzzzzzzzzzzzzzzzzzzzzzzzzzzzzzzzzzzzzzzzzzzzzzzzzzzzzz>; HiZ drive
v0x2168b70_0 .net "len_pld_bits", 63 0, o0x7f4b33545df8;  0 drivers
v0x2168c50_0 .var "len_pld_bits_reg", 63 0;
v0x2168d30_0 .net "lens_done", 0 0, o0x7f4b33545e58;  0 drivers
v0x2168df0_0 .var "lens_done_d", 0 0;
v0x2168eb0_0 .net "payload_bits_this", 63 0, L_0x217c4e0;  1 drivers
v0x2168f90_0 .net "payload_handshake", 0 0, L_0x217bd30;  1 drivers
v0x2169050_0 .net "payload_keep_cnt", 4 0, L_0x217c160;  1 drivers
v0x2169130_0 .net "payload_keep_sel", 15 0, L_0x217bea0;  1 drivers
v0x2169210_0 .net "payload_last_sel", 0 0, L_0x217bfa0;  1 drivers
v0x21692d0_0 .net "payload_phase_done", 0 0, L_0x217ccc0;  1 drivers
v0x2169390_0 .net "phase", 2 0, L_0x217d310;  1 drivers
v0x2169470_0 .var "phase_next_reg", 2 0;
v0x2169550_0 .var "phase_reg", 2 0;
v0x2169630_0 .var "pld_bits_remaining_reg", 63 0;
v0x2169710_0 .var "pld_complete_reg", 0 0;
v0x21697d0_0 .net "pld_done", 0 0, o0x7f4b335460c8;  0 drivers
o0x7f4b335460f8 .functor BUFZ 1, C4<z>; HiZ drive
v0x2169890_0 .net "rst_n", 0 0, o0x7f4b335460f8;  0 drivers
v0x2169950_0 .net "start", 0 0, o0x7f4b33546128;  0 drivers
v0x2169a10_0 .var "start_d", 0 0;
v0x2169ad0_0 .net "start_pulse", 0 0, L_0x216a9f0;  1 drivers
o0x7f4b335461b8 .functor BUFZ 128, C4<zzzzzzzzzzzzzzzzzzzzzzzzzzzzzzzzzzzzzzzzzzzzzzzzzzzzzzzzzzzzzzzzzzzzzzzzzzzzzzzzzzzzzzzzzzzzzzzzzzzzzzzzzzzzzzzzzzzzzzzzzzzzzzzz>; HiZ drive
v0x2169b90_0 .net "tag_in", 127 0, o0x7f4b335461b8;  0 drivers
v0x2169c70_0 .var "tag_in_reg", 127 0;
o0x7f4b33546218 .functor BUFZ 1, C4<z>; HiZ drive
v0x2169d50_0 .net "tag_in_we", 0 0, o0x7f4b33546218;  0 drivers
v0x2169e10_0 .net "tag_inputs_ready", 0 0, L_0x217cc50;  1 drivers
v0x2169ed0_0 .var "tag_out", 127 0;
v0x2169fb0_0 .var "tag_out_valid", 0 0;
o0x7f4b335462d8 .functor BUFZ 128, C4<zzzzzzzzzzzzzzzzzzzzzzzzzzzzzzzzzzzzzzzzzzzzzzzzzzzzzzzzzzzzzzzzzzzzzzzzzzzzzzzzzzzzzzzzzzzzzzzzzzzzzzzzzzzzzzzzzzzzzzzzzzzzzzzz>; HiZ drive
v0x216a070_0 .net "tag_pre_xor", 127 0, o0x7f4b335462d8;  0 drivers
v0x216a150_0 .net "tag_pre_xor_valid", 0 0, o0x7f4b33546308;  0 drivers
o0x7f4b33546338 .functor BUFZ 128, C4<zzzzzzzzzzzzzzzzzzzzzzzzzzzzzzzzzzzzzzzzzzzzzzzzzzzzzzzzzzzzzzzzzzzzzzzzzzzzzzzzzzzzzzzzzzzzzzzzzzzzzzzzzzzzzzzzzzzzzzzzzzzzzzzz>; HiZ drive
v0x216a210_0 .net "tagmask", 127 0, o0x7f4b33546338;  0 drivers
v0x216a2f0_0 .net "tagmask_start", 0 0, L_0x217d5a0;  1 drivers
v0x216a3b0_0 .net "tagmask_valid", 0 0, o0x7f4b33546398;  0 drivers
E_0x20f56a0/0 .event edge, v0x2169550_0, v0x2169ad0_0, v0x2168a30_0, v0x2168b70_0;
E_0x20f56a0/1 .event edge, v0x2167740_0, v0x2168c50_0, v0x21692d0_0, v0x2168d30_0;
E_0x20f56a0/2 .event edge, v0x2169e10_0;
E_0x20f56a0 .event/or E_0x20f56a0/0, E_0x20f56a0/1, E_0x20f56a0/2;
E_0x213cb20/0 .event negedge, v0x2169890_0;
E_0x213cb20/1 .event posedge, v0x2167a40_0;
E_0x213cb20 .event/or E_0x213cb20/0, E_0x213cb20/1;
L_0x2147090 .reduce/nor v0x2169a10_0;
L_0x216ab10 .cmp/eq 3, v0x2169550_0, L_0x7f4b334fc018;
L_0x216ae10 .ufunc TD_aes_gcm_ctrl.count_keep16, 5, o0x7f4b335458e8 (v0x2164dc0_0) v0x2116190_0 S_0x2118a20;
L_0x217afa0 .concat [ 5 59 0 0], L_0x216ae10, L_0x7f4b334fc060;
L_0x217b110 .part L_0x217afa0, 0, 61;
L_0x217b230 .concat [ 3 61 0 0], L_0x7f4b334fc0a8, L_0x217b110;
L_0x217b3e0 .cmp/eq 3, v0x2169550_0, L_0x7f4b334fc0f0;
L_0x217b7d0 .reduce/nor v0x2168380_0;
L_0x217b960 .cmp/eq 3, v0x2169550_0, L_0x7f4b334fc138;
L_0x217bea0 .functor MUXZ 16, o0x7f4b33545ac8, o0x7f4b33545b88, v0x2168380_0, C4<>;
L_0x217bfa0 .functor MUXZ 1, o0x7f4b33545af8, o0x7f4b33545bb8, v0x2168380_0, C4<>;
L_0x217c160 .ufunc TD_aes_gcm_ctrl.count_keep16, 5, L_0x217bea0 (v0x2164dc0_0) v0x2116190_0 S_0x2118a20;
L_0x217c2a0 .concat [ 5 59 0 0], L_0x217c160, L_0x7f4b334fc180;
L_0x217c370 .part L_0x217c2a0, 0, 61;
L_0x217c4e0 .concat [ 3 61 0 0], L_0x7f4b334fc1c8, L_0x217c370;
L_0x217c620 .cmp/eq 64, v0x2168ad0_0, L_0x7f4b334fc210;
L_0x217c8c0 .functor MUXZ 1, L_0x217c230, L_0x7f4b334fc258, L_0x217c620, C4<>;
L_0x217ca30 .cmp/eq 64, v0x2168c50_0, L_0x7f4b334fc2a0;
L_0x217ccc0 .functor MUXZ 1, L_0x217c740, L_0x7f4b334fc2e8, L_0x217ca30, C4<>;
L_0x217ce80 .cmp/eq 3, v0x2169550_0, L_0x7f4b334fc330;
L_0x217d170 .reduce/nor v0x2166af0_0;
L_0x217d4d0 .reduce/nor v0x2168990_0;
L_0x217d750 .cmp/eq 3, v0x2169550_0, L_0x7f4b334fc378;
L_0x217d8b0 .reduce/nor v0x2168df0_0;
S_0x2118a20 .scope autofunction, "count_keep16" "count_keep16" 2 57, 2 57 0, S_0x213c190;
 .timescale 0 0;
v0x2116190_0 .var "count_keep16", 4 0;
v0x2164ce0_0 .var/i "idx", 31 0;
v0x2164dc0_0 .var "keep", 15 0;
TD_aes_gcm_ctrl.count_keep16 ;
    %pushi/vec4 0, 0, 5;
    %store/vec4 v0x2116190_0, 0, 5;
    %pushi/vec4 0, 0, 32;
    %store/vec4 v0x2164ce0_0, 0, 32;
T_0.0 ;
    %load/vec4 v0x2164ce0_0;
    %cmpi/s 16, 0, 32;
    %jmp/0xz T_0.1, 5;
    %load/vec4 v0x2164dc0_0;
    %load/vec4 v0x2164ce0_0;
    %part/s 1;
    %flag_set/vec4 8;
    %jmp/0xz  T_0.2, 8;
    %load/vec4 v0x2116190_0;
    %addi 1, 0, 5;
    %store/vec4 v0x2116190_0, 0, 5;
T_0.2 ;
    %load/vec4 v0x2164ce0_0;
    %addi 1, 0, 32;
    %store/vec4 v0x2164ce0_0, 0, 32;
    %jmp T_0.0;
T_0.1 ;
    %end;
    .scope S_0x213c190;
T_1 ;
    %wait E_0x213cb20;
    %load/vec4 v0x2169890_0;
    %nor/r;
    %flag_set/vec4 8;
    %jmp/0xz  T_1.0, 8;
    %pushi/vec4 0, 0, 1;
    %assign/vec4 v0x2169a10_0, 0;
    %pushi/vec4 0, 0, 1;
    %assign/vec4 v0x2168380_0, 0;
    %pushi/vec4 0, 0, 64;
    %assign/vec4 v0x2168ad0_0, 0;
    %pushi/vec4 0, 0, 64;
    %assign/vec4 v0x2168c50_0, 0;
    %pushi/vec4 0, 0, 3;
    %assign/vec4 v0x2169550_0, 0;
    %pushi/vec4 0, 0, 64;
    %assign/vec4 v0x21670c0_0, 0;
    %pushi/vec4 1, 0, 1;
    %assign/vec4 v0x2167280_0, 0;
    %pushi/vec4 0, 0, 64;
    %assign/vec4 v0x2169630_0, 0;
    %pushi/vec4 1, 0, 1;
    %assign/vec4 v0x2169710_0, 0;
    %pushi/vec4 0, 0, 128;
    %assign/vec4 v0x2169c70_0, 0;
    %pushi/vec4 0, 0, 1;
    %assign/vec4 v0x2166af0_0, 0;
    %pushi/vec4 0, 0, 128;
    %assign/vec4 v0x2169ed0_0, 0;
    %pushi/vec4 0, 0, 1;
    %assign/vec4 v0x2169fb0_0, 0;
    %pushi/vec4 0, 0, 1;
    %assign/vec4 v0x2167980_0, 0;
    %pushi/vec4 0, 0, 1;
    %assign/vec4 v0x2168df0_0, 0;
    %pushi/vec4 0, 0, 1;
    %assign/vec4 v0x2168990_0, 0;
    %jmp T_1.1;
T_1.0 ;
    %load/vec4 v0x2169950_0;
    %assign/vec4 v0x2169a10_0, 0;
    %load/vec4 v0x2168d30_0;
    %assign/vec4 v0x2168df0_0, 0;
    %load/vec4 v0x21688f0_0;
    %assign/vec4 v0x2168990_0, 0;
    %load/vec4 v0x2169d50_0;
    %flag_set/vec4 8;
    %jmp/0xz  T_1.2, 8;
    %load/vec4 v0x2169b90_0;
    %assign/vec4 v0x2169c70_0, 0;
T_1.2 ;
    %load/vec4 v0x2169ad0_0;
    %flag_set/vec4 8;
    %jmp/0xz  T_1.4, 8;
    %load/vec4 v0x21682c0_0;
    %assign/vec4 v0x2168380_0, 0;
    %load/vec4 v0x2168a30_0;
    %assign/vec4 v0x2168ad0_0, 0;
    %load/vec4 v0x2168b70_0;
    %assign/vec4 v0x2168c50_0, 0;
    %load/vec4 v0x2168a30_0;
    %assign/vec4 v0x21670c0_0, 0;
    %load/vec4 v0x2168b70_0;
    %assign/vec4 v0x2169630_0, 0;
    %load/vec4 v0x2168a30_0;
    %pushi/vec4 0, 0, 64;
    %cmp/e;
    %flag_get/vec4 4;
    %assign/vec4 v0x2167280_0, 0;
    %load/vec4 v0x2168b70_0;
    %pushi/vec4 0, 0, 64;
    %cmp/e;
    %flag_get/vec4 4;
    %assign/vec4 v0x2169710_0, 0;
    %pushi/vec4 0, 0, 1;
    %assign/vec4 v0x2166af0_0, 0;
    %pushi/vec4 0, 0, 1;
    %assign/vec4 v0x2169fb0_0, 0;
    %pushi/vec4 0, 0, 128;
    %assign/vec4 v0x2169ed0_0, 0;
    %pushi/vec4 0, 0, 1;
    %assign/vec4 v0x2167980_0, 0;
    %jmp T_1.5;
T_1.4 ;
    %pushi/vec4 0, 0, 1;
    %assign/vec4 v0x2169fb0_0, 0;
    %load/vec4 v0x2169550_0;
    %cmpi/e 1, 0, 3;
    %jmp/0xz  T_1.6, 4;
    %load/vec4 v0x2167400_0;
    %flag_set/vec4 8;
    %jmp/0xz  T_1.8, 8;
    %load/vec4 v0x21670c0_0;
    %load/vec4 v0x21671a0_0;
    %cmp/u;
    %flag_or 5, 4;
    %jmp/0xz  T_1.10, 5;
    %pushi/vec4 0, 0, 64;
    %assign/vec4 v0x21670c0_0, 0;
    %pushi/vec4 1, 0, 1;
    %assign/vec4 v0x2167280_0, 0;
    %jmp T_1.11;
T_1.10 ;
    %load/vec4 v0x21670c0_0;
    %load/vec4 v0x21671a0_0;
    %sub;
    %assign/vec4 v0x21670c0_0, 0;
    %load/vec4 v0x2167680_0;
    %flag_set/vec4 8;
    %jmp/0xz  T_1.12, 8;
    %pushi/vec4 1, 0, 1;
    %assign/vec4 v0x2167280_0, 0;
T_1.12 ;
T_1.11 ;
T_1.8 ;
    %load/vec4 v0x2167340_0;
    %flag_set/vec4 8;
    %jmp/0xz  T_1.14, 8;
    %pushi/vec4 0, 0, 64;
    %assign/vec4 v0x21670c0_0, 0;
    %pushi/vec4 1, 0, 1;
    %assign/vec4 v0x2167280_0, 0;
T_1.14 ;
T_1.6 ;
    %load/vec4 v0x2169550_0;
    %cmpi/e 2, 0, 3;
    %jmp/0xz  T_1.16, 4;
    %load/vec4 v0x2168f90_0;
    %flag_set/vec4 8;
    %jmp/0xz  T_1.18, 8;
    %load/vec4 v0x2169630_0;
    %load/vec4 v0x2168eb0_0;
    %cmp/u;
    %flag_or 5, 4;
    %jmp/0xz  T_1.20, 5;
    %pushi/vec4 0, 0, 64;
    %assign/vec4 v0x2169630_0, 0;
    %pushi/vec4 1, 0, 1;
    %assign/vec4 v0x2169710_0, 0;
    %jmp T_1.21;
T_1.20 ;
    %load/vec4 v0x2169630_0;
    %load/vec4 v0x2168eb0_0;
    %sub;
    %assign/vec4 v0x2169630_0, 0;
    %load/vec4 v0x2169210_0;
    %flag_set/vec4 8;
    %jmp/0xz  T_1.22, 8;
    %pushi/vec4 1, 0, 1;
    %assign/vec4 v0x2169710_0, 0;
T_1.22 ;
T_1.21 ;
T_1.18 ;
    %load/vec4 v0x21697d0_0;
    %flag_set/vec4 8;
    %jmp/0xz  T_1.24, 8;
    %pushi/vec4 0, 0, 64;
    %assign/vec4 v0x2169630_0, 0;
    %pushi/vec4 1, 0, 1;
    %assign/vec4 v0x2169710_0, 0;
T_1.24 ;
T_1.16 ;
    %load/vec4 v0x2169e10_0;
    %flag_set/vec4 8;
    %jmp/0xz  T_1.26, 8;
    %load/vec4 v0x216a070_0;
    %load/vec4 v0x216a210_0;
    %xor;
    %assign/vec4 v0x2169ed0_0, 0;
    %pushi/vec4 1, 0, 1;
    %assign/vec4 v0x2166af0_0, 0;
    %load/vec4 v0x2168380_0;
    %flag_set/vec4 8;
    %jmp/0xz  T_1.28, 8;
    %pushi/vec4 1, 0, 1;
    %assign/vec4 v0x2169fb0_0, 0;
    %pushi/vec4 0, 0, 1;
    %assign/vec4 v0x2167980_0, 0;
    %jmp T_1.29;
T_1.28 ;
    %load/vec4 v0x216a070_0;
    %load/vec4 v0x216a210_0;
    %xor;
    %load/vec4 v0x2169c70_0;
    %cmp/e;
    %flag_get/vec4 4;
    %inv;
    %assign/vec4 v0x2167980_0, 0;
T_1.29 ;
T_1.26 ;
T_1.5 ;
    %load/vec4 v0x2169470_0;
    %assign/vec4 v0x2169550_0, 0;
T_1.1 ;
    %jmp T_1;
    .thread T_1;
    .scope S_0x213c190;
T_2 ;
    %wait E_0x20f56a0;
    %load/vec4 v0x2169550_0;
    %store/vec4 v0x2169470_0, 0, 3;
    %load/vec4 v0x2169550_0;
    %dup/vec4;
    %pushi/vec4 0, 0, 3;
    %cmp/u;
    %jmp/1 T_2.0, 6;
    %dup/vec4;
    %pushi/vec4 1, 0, 3;
    %cmp/u;
    %jmp/1 T_2.1, 6;
    %dup/vec4;
    %pushi/vec4 2, 0, 3;
    %cmp/u;
    %jmp/1 T_2.2, 6;
    %dup/vec4;
    %pushi/vec4 3, 0, 3;
    %cmp/u;
    %jmp/1 T_2.3, 6;
    %dup/vec4;
    %pushi/vec4 4, 0, 3;
    %cmp/u;
    %jmp/1 T_2.4, 6;
    %dup/vec4;
    %pushi/vec4 5, 0, 3;
    %cmp/u;
    %jmp/1 T_2.5, 6;
    %pushi/vec4 0, 0, 3;
    %store/vec4 v0x2169470_0, 0, 3;
    %jmp T_2.7;
T_2.0 ;
    %load/vec4 v0x2169ad0_0;
    %flag_set/vec4 8;
    %jmp/0xz  T_2.8, 8;
    %load/vec4 v0x2168a30_0;
    %cmpi/ne 0, 0, 64;
    %jmp/0xz  T_2.10, 4;
    %pushi/vec4 1, 0, 3;
    %store/vec4 v0x2169470_0, 0, 3;
    %jmp T_2.11;
T_2.10 ;
    %load/vec4 v0x2168b70_0;
    %cmpi/ne 0, 0, 64;
    %jmp/0xz  T_2.12, 4;
    %pushi/vec4 2, 0, 3;
    %store/vec4 v0x2169470_0, 0, 3;
    %jmp T_2.13;
T_2.12 ;
    %pushi/vec4 3, 0, 3;
    %store/vec4 v0x2169470_0, 0, 3;
T_2.13 ;
T_2.11 ;
T_2.8 ;
    %jmp T_2.7;
T_2.1 ;
    %load/vec4 v0x2167740_0;
    %flag_set/vec4 8;
    %jmp/0xz  T_2.14, 8;
    %load/vec4 v0x2168c50_0;
    %cmpi/ne 0, 0, 64;
    %jmp/0xz  T_2.16, 4;
    %pushi/vec4 2, 0, 3;
    %store/vec4 v0x2169470_0, 0, 3;
    %jmp T_2.17;
T_2.16 ;
    %pushi/vec4 3, 0, 3;
    %store/vec4 v0x2169470_0, 0, 3;
T_2.17 ;
T_2.14 ;
    %jmp T_2.7;
T_2.2 ;
    %load/vec4 v0x21692d0_0;
    %flag_set/vec4 8;
    %jmp/0xz  T_2.18, 8;
    %pushi/vec4 3, 0, 3;
    %store/vec4 v0x2169470_0, 0, 3;
T_2.18 ;
    %jmp T_2.7;
T_2.3 ;
    %load/vec4 v0x2168d30_0;
    %flag_set/vec4 8;
    %jmp/0xz  T_2.20, 8;
    %pushi/vec4 4, 0, 3;
    %store/vec4 v0x2169470_0, 0, 3;
T_2.20 ;
    %jmp T_2.7;
T_2.4 ;
    %load/vec4 v0x2169e10_0;
    %flag_set/vec4 8;
    %jmp/0xz  T_2.22, 8;
    %pushi/vec4 5, 0, 3;
    %store/vec4 v0x2169470_0, 0, 3;
T_2.22 ;
    %jmp T_2.7;
T_2.5 ;
    %load/vec4 v0x2169ad0_0;
    %flag_set/vec4 8;
    %jmp/0xz  T_2.24, 8;
    %load/vec4 v0x2168a30_0;
    %cmpi/ne 0, 0, 64;
    %jmp/0xz  T_2.26, 4;
    %pushi/vec4 1, 0, 3;
    %store/vec4 v0x2169470_0, 0, 3;
    %jmp T_2.27;
T_2.26 ;
    %load/vec4 v0x2168b70_0;
    %cmpi/ne 0, 0, 64;
    %jmp/0xz  T_2.28, 4;
    %pushi/vec4 2, 0, 3;
    %store/vec4 v0x2169470_0, 0, 3;
    %jmp T_2.29;
T_2.28 ;
    %pushi/vec4 3, 0, 3;
    %store/vec4 v0x2169470_0, 0, 3;
T_2.29 ;
T_2.27 ;
T_2.24 ;
    %jmp T_2.7;
T_2.7 ;
    %pop/vec4 1;
    %jmp T_2;
    .thread T_2, $push;
# The file index is used to find the file name in the following table.
:file_names 3;
    "N/A";
    "<interactive>";
    "./rtl/aes_gcm_ctrl.v";
